{"/Users/letehaha/User Files/Work/Bonfida/sns-reputation/js/src/bindings.ts": {"path":"/Users/letehaha/User Files/Work/Bonfida/sns-reputation/js/src/bindings.ts","statementMap":{"0":{"start":{"line":1,"column":0},"end":{"line":1,"column":79}},"1":{"start":{"line":2,"column":0},"end":{"line":2,"column":53}},"2":{"start":{"line":12,"column":13},"end":{"line":14,"column":2}},"3":{"start":{"line":36,"column":38},"end":{"line":54,"column":1}},"4":{"start":{"line":44,"column":2},"end":{"line":53,"column":4}},"5":{"start":{"line":36,"column":13},"end":{"line":36,"column":38}}},"fnMap":{"0":{"name":"(anonymous_0)","decl":{"start":{"line":36,"column":38},"end":{"line":36,"column":39}},"loc":{"start":{"line":43,"column":17},"end":{"line":54,"column":1}}}},"branchMap":{},"s":{"0":1,"1":1,"2":1,"3":1,"4":4,"5":1},"f":{"0":4},"b":{}}
,"/Users/letehaha/User Files/Work/Bonfida/sns-reputation/js/src/raw_instructions.ts": {"path":"/Users/letehaha/User Files/Work/Bonfida/sns-reputation/js/src/raw_instructions.ts","statementMap":{"0":{"start":{"line":3,"column":0},"end":{"line":3,"column":42}},"1":{"start":{"line":4,"column":0},"end":{"line":4,"column":68}},"2":{"start":{"line":19,"column":4},"end":{"line":19,"column":17}},"3":{"start":{"line":20,"column":4},"end":{"line":20,"column":31}},"4":{"start":{"line":21,"column":4},"end":{"line":21,"column":33}},"5":{"start":{"line":24,"column":4},"end":{"line":24,"column":51}},"6":{"start":{"line":33,"column":17},"end":{"line":33,"column":46}},"7":{"start":{"line":34,"column":29},"end":{"line":34,"column":31}},"8":{"start":{"line":35,"column":4},"end":{"line":39,"column":7}},"9":{"start":{"line":40,"column":4},"end":{"line":44,"column":7}},"10":{"start":{"line":45,"column":4},"end":{"line":49,"column":7}},"11":{"start":{"line":50,"column":4},"end":{"line":54,"column":7}},"12":{"start":{"line":55,"column":4},"end":{"line":59,"column":7}},"13":{"start":{"line":11,"column":0},"end":{"line":11,"column":13}},"14":{"start":{"line":16,"column":9},"end":{"line":16,"column":107}}},"fnMap":{"0":{"name":"(anonymous_0)","decl":{"start":{"line":18,"column":2},"end":{"line":18,"column":14}},"loc":{"start":{"line":18,"column":61},"end":{"line":22,"column":3}}},"1":{"name":"(anonymous_1)","decl":{"start":{"line":23,"column":2},"end":{"line":23,"column":11}},"loc":{"start":{"line":23,"column":11},"end":{"line":25,"column":3}}},"2":{"name":"(anonymous_2)","decl":{"start":{"line":26,"column":2},"end":{"line":26,"column":16}},"loc":{"start":{"line":31,"column":35},"end":{"line":60,"column":3}}}},"branchMap":{},"s":{"0":1,"1":1,"2":4,"3":4,"4":4,"5":4,"6":4,"7":4,"8":4,"9":4,"10":4,"11":4,"12":4,"13":1,"14":1},"f":{"0":4,"1":4,"2":4},"b":{}}
,"/Users/letehaha/User Files/Work/Bonfida/sns-reputation/js/src/secondary_bindings.ts": {"path":"/Users/letehaha/User Files/Work/Bonfida/sns-reputation/js/src/secondary_bindings.ts","statementMap":{"0":{"start":{"line":2,"column":0},"end":{"line":2,"column":54}},"1":{"start":{"line":3,"column":0},"end":{"line":3,"column":47}},"2":{"start":{"line":12,"column":34},"end":{"line":30,"column":1}},"3":{"start":{"line":13,"column":16},"end":{"line":13,"column":82}},"4":{"start":{"line":15,"column":15},"end":{"line":15,"column":16}},"5":{"start":{"line":16,"column":17},"end":{"line":16,"column":18}},"6":{"start":{"line":18,"column":2},"end":{"line":27,"column":null}},"7":{"start":{"line":19,"column":19},"end":{"line":19,"column":71}},"8":{"start":{"line":21,"column":4},"end":{"line":21,"column":27}},"9":{"start":{"line":22,"column":4},"end":{"line":22,"column":31}},"10":{"start":{"line":24,"column":4},"end":{"line":26,"column":null}},"11":{"start":{"line":25,"column":6},"end":{"line":25,"column":null}},"12":{"start":{"line":29,"column":2},"end":{"line":29,"column":27}},"13":{"start":{"line":12,"column":13},"end":{"line":12,"column":34}},"14":{"start":{"line":32,"column":37},"end":{"line":34,"column":1}},"15":{"start":{"line":33,"column":2},"end":{"line":33,"column":70}},"16":{"start":{"line":32,"column":13},"end":{"line":32,"column":37}},"17":{"start":{"line":36,"column":34},"end":{"line":38,"column":1}},"18":{"start":{"line":37,"column":2},"end":{"line":37,"column":83}},"19":{"start":{"line":36,"column":13},"end":{"line":36,"column":34}}},"fnMap":{"0":{"name":"(anonymous_0)","decl":{"start":{"line":12,"column":34},"end":{"line":12,"column":39}},"loc":{"start":{"line":12,"column":101},"end":{"line":30,"column":1}}},"1":{"name":"(anonymous_1)","decl":{"start":{"line":32,"column":37},"end":{"line":32,"column":38}},"loc":{"start":{"line":32,"column":57},"end":{"line":34,"column":1}}},"2":{"name":"(anonymous_2)","decl":{"start":{"line":36,"column":34},"end":{"line":36,"column":35}},"loc":{"start":{"line":36,"column":86},"end":{"line":38,"column":1}}}},"branchMap":{"0":{"loc":{"start":{"line":24,"column":4},"end":{"line":26,"column":null}},"type":"if","locations":[{"start":{"line":24,"column":4},"end":{"line":26,"column":null}}]}},"s":{"0":1,"1":1,"2":1,"3":5,"4":5,"5":5,"6":5,"7":5,"8":4,"9":4,"10":1,"11":0,"12":5,"13":1,"14":1,"15":4,"16":1,"17":1,"18":4,"19":1},"f":{"0":5,"1":4,"2":4},"b":{"0":[0]}}
,"/Users/letehaha/User Files/Work/Bonfida/sns-reputation/js/src/state.ts": {"path":"/Users/letehaha/User Files/Work/Bonfida/sns-reputation/js/src/state.ts","statementMap":{"0":{"start":{"line":1,"column":0},"end":{"line":1,"column":44}},"1":{"start":{"line":2,"column":0},"end":{"line":2,"column":56}},"2":{"start":{"line":4,"column":0},"end":{"line":4,"column":null}},"3":{"start":{"line":5,"column":2},"end":{"line":5,"column":null}},"4":{"start":{"line":6,"column":2},"end":{"line":6,"column":null}},"5":{"start":{"line":7,"column":2},"end":{"line":7,"column":null}},"6":{"start":{"line":22,"column":4},"end":{"line":22,"column":23}},"7":{"start":{"line":23,"column":4},"end":{"line":23,"column":27}},"8":{"start":{"line":24,"column":4},"end":{"line":24,"column":37}},"9":{"start":{"line":25,"column":4},"end":{"line":25,"column":41}},"10":{"start":{"line":29,"column":4},"end":{"line":29,"column":75}},"11":{"start":{"line":33,"column":24},"end":{"line":33,"column":60}},"12":{"start":{"line":34,"column":4},"end":{"line":36,"column":null}},"13":{"start":{"line":35,"column":6},"end":{"line":35,"column":49}},"14":{"start":{"line":37,"column":4},"end":{"line":37,"column":46}},"15":{"start":{"line":40,"column":4},"end":{"line":43,"column":6}},"16":{"start":{"line":49,"column":4},"end":{"line":52,"column":6}},"17":{"start":{"line":50,"column":31},"end":{"line":50,"column":42}},"18":{"start":{"line":10,"column":0},"end":{"line":10,"column":13}},"19":{"start":{"line":11,"column":9},"end":{"line":11,"column":31}},"20":{"start":{"line":17,"column":9},"end":{"line":19,"column":4}}},"fnMap":{"0":{"name":"(anonymous_0)","decl":{"start":{"line":4,"column":0},"end":{"line":4,"column":12}},"loc":{"start":{"line":4,"column":15},"end":{"line":8,"column":1}}},"1":{"name":"(anonymous_1)","decl":{"start":{"line":21,"column":2},"end":{"line":21,"column":14}},"loc":{"start":{"line":21,"column":80},"end":{"line":26,"column":3}}},"2":{"name":"(anonymous_2)","decl":{"start":{"line":28,"column":2},"end":{"line":28,"column":8}},"loc":{"start":{"line":28,"column":33},"end":{"line":30,"column":3}}},"3":{"name":"(anonymous_3)","decl":{"start":{"line":32,"column":2},"end":{"line":32,"column":8}},"loc":{"start":{"line":32,"column":62},"end":{"line":38,"column":3}}},"4":{"name":"(anonymous_4)","decl":{"start":{"line":39,"column":2},"end":{"line":39,"column":8}},"loc":{"start":{"line":39,"column":67},"end":{"line":44,"column":3}}},"5":{"name":"(anonymous_5)","decl":{"start":{"line":45,"column":2},"end":{"line":45,"column":8}},"loc":{"start":{"line":47,"column":55},"end":{"line":53,"column":3}}},"6":{"name":"(anonymous_6)","decl":{"start":{"line":50,"column":24},"end":{"line":50,"column":25}},"loc":{"start":{"line":50,"column":31},"end":{"line":50,"column":42}}}},"branchMap":{"0":{"loc":{"start":{"line":4,"column":12},"end":{"line":4,"column":null}},"type":"binary-expr","locations":[{"start":{"line":4,"column":12},"end":{"line":4,"column":15}},{"start":{"line":4,"column":12},"end":{"line":4,"column":null}}]},"1":{"loc":{"start":{"line":34,"column":4},"end":{"line":36,"column":null}},"type":"if","locations":[{"start":{"line":34,"column":4},"end":{"line":36,"column":null}}]},"2":{"loc":{"start":{"line":34,"column":8},"end":{"line":34,"column":41}},"type":"binary-expr","locations":[{"start":{"line":34,"column":8},"end":{"line":34,"column":20}},{"start":{"line":34,"column":24},"end":{"line":34,"column":41}}]}},"s":{"0":1,"1":1,"2":1,"3":1,"4":1,"5":1,"6":4,"7":4,"8":4,"9":4,"10":4,"11":5,"12":5,"13":1,"14":4,"15":9,"16":4,"17":8,"18":1,"19":1,"20":1},"f":{"0":1,"1":4,"2":4,"3":5,"4":9,"5":4,"6":8},"b":{"0":[1,1],"1":[1],"2":[5,4]}}
,"/Users/letehaha/User Files/Work/Bonfida/sns-reputation/js/tests/utils.ts": {"path":"/Users/letehaha/User Files/Work/Bonfida/sns-reputation/js/tests/utils.ts","statementMap":{"0":{"start":{"line":1,"column":0},"end":{"line":1,"column":null}},"1":{"start":{"line":9,"column":0},"end":{"line":9,"column":29}},"2":{"start":{"line":10,"column":0},"end":{"line":10,"column":56}},"3":{"start":{"line":11,"column":0},"end":{"line":11,"column":62}},"4":{"start":{"line":12,"column":0},"end":{"line":12,"column":22}},"5":{"start":{"line":13,"column":0},"end":{"line":13,"column":42}},"6":{"start":{"line":14,"column":0},"end":{"line":14,"column":59}},"7":{"start":{"line":16,"column":20},"end":{"line":16,"column":36}},"8":{"start":{"line":21,"column":17},"end":{"line":21,"column":30}},"9":{"start":{"line":22,"column":2},"end":{"line":22,"column":61}},"10":{"start":{"line":20,"column":0},"end":{"line":20,"column":7}},"11":{"start":{"line":27,"column":14},"end":{"line":27,"column":27}},"12":{"start":{"line":28,"column":17},"end":{"line":28,"column":31}},"13":{"start":{"line":29,"column":2},"end":{"line":29,"column":66}},"14":{"start":{"line":30,"column":2},"end":{"line":30,"column":23}},"15":{"start":{"line":31,"column":2},"end":{"line":31,"column":28}},"16":{"start":{"line":26,"column":0},"end":{"line":26,"column":16}},"17":{"start":{"line":42,"column":27},"end":{"line":42,"column":79}},"18":{"start":{"line":43,"column":18},"end":{"line":45,"column":null}},"19":{"start":{"line":47,"column":18},"end":{"line":49,"column":null}},"20":{"start":{"line":51,"column":19},"end":{"line":51,"column":36}},"21":{"start":{"line":52,"column":2},"end":{"line":54,"column":null}},"22":{"start":{"line":53,"column":4},"end":{"line":53,"column":47}},"23":{"start":{"line":55,"column":2},"end":{"line":59,"column":null}},"24":{"start":{"line":56,"column":4},"end":{"line":58,"column":7}},"25":{"start":{"line":60,"column":2},"end":{"line":67,"column":null}},"26":{"start":{"line":61,"column":4},"end":{"line":66,"column":6}},"27":{"start":{"line":69,"column":16},"end":{"line":69,"column":46}},"28":{"start":{"line":70,"column":18},"end":{"line":70,"column":75}},"29":{"start":{"line":71,"column":2},"end":{"line":82,"column":4}},"30":{"start":{"line":83,"column":2},"end":{"line":83,"column":69}},"31":{"start":{"line":84,"column":2},"end":{"line":84,"column":27}},"32":{"start":{"line":36,"column":0},"end":{"line":36,"column":16}},"33":{"start":{"line":89,"column":2},"end":{"line":103,"column":null}},"34":{"start":{"line":90,"column":4},"end":{"line":102,"column":null}},"35":{"start":{"line":91,"column":24},"end":{"line":93,"column":null}},"36":{"start":{"line":95,"column":26},"end":{"line":95,"column":96}},"37":{"start":{"line":96,"column":6},"end":{"line":96,"column":66}},"38":{"start":{"line":97,"column":6},"end":{"line":97,"column":13}},"39":{"start":{"line":99,"column":26},"end":{"line":99,"column":88}},"40":{"start":{"line":100,"column":6},"end":{"line":100,"column":64}},"41":{"start":{"line":100,"column":37},"end":{"line":100,"column":62}},"42":{"start":{"line":101,"column":6},"end":{"line":101,"column":15}},"43":{"start":{"line":88,"column":0},"end":{"line":88,"column":7}},"44":{"start":{"line":106,"column":50},"end":{"line":122,"column":1}},"45":{"start":{"line":113,"column":13},"end":{"line":113,"column":30}},"46":{"start":{"line":114,"column":2},"end":{"line":114,"column":35}},"47":{"start":{"line":115,"column":2},"end":{"line":115,"column":50}},"48":{"start":{"line":116,"column":2},"end":{"line":116,"column":28}},"49":{"start":{"line":117,"column":20},"end":{"line":119,"column":4}},"50":{"start":{"line":120,"column":2},"end":{"line":120,"column":62}},"51":{"start":{"line":121,"column":2},"end":{"line":121,"column":19}},"52":{"start":{"line":106,"column":13},"end":{"line":106,"column":50}},"53":{"start":{"line":125,"column":21},"end":{"line":125,"column":33}},"54":{"start":{"line":125,"column":42},"end":{"line":125,"column":57}},"55":{"start":{"line":132,"column":17},"end":{"line":132,"column":30}},"56":{"start":{"line":133,"column":16},"end":{"line":139,"column":null}},"57":{"start":{"line":141,"column":4},"end":{"line":141,"column":40}},"58":{"start":{"line":145,"column":14},"end":{"line":145,"column":71}},"59":{"start":{"line":146,"column":4},"end":{"line":146,"column":23}},"60":{"start":{"line":150,"column":4},"end":{"line":150,"column":68}},"61":{"start":{"line":124,"column":0},"end":{"line":124,"column":13}},"62":{"start":{"line":155,"column":22},"end":{"line":155,"column":86}},"63":{"start":{"line":156,"column":2},"end":{"line":156,"column":65}},"64":{"start":{"line":156,"column":40},"end":{"line":156,"column":63}},"65":{"start":{"line":154,"column":0},"end":{"line":154,"column":7}},"66":{"start":{"line":164,"column":38},"end":{"line":164,"column":37268}},"67":{"start":{"line":164,"column":42},"end":{"line":164,"column":37257}},"68":{"start":{"line":164,"column":37306},"end":{"line":164,"column":37346}},"69":{"start":{"line":164,"column":37310},"end":{"line":164,"column":37335}},"70":{"start":{"line":164,"column":37347},"end":{"line":164,"column":37356}},"71":{"start":{"line":164,"column":37357},"end":{"line":164,"column":37363}},"72":{"start":{"line":164,"column":37399},"end":{"line":164,"column":37441}},"73":{"start":{"line":164,"column":37403},"end":{"line":164,"column":37430}},"74":{"start":{"line":164,"column":37442},"end":{"line":164,"column":37451}},"75":{"start":{"line":164,"column":37452},"end":{"line":164,"column":37458}},"76":{"start":{"line":164,"column":37475},"end":{"line":164,"column":37512}},"77":{"start":{"line":164,"column":37479},"end":{"line":164,"column":37501}},"78":{"start":{"line":164,"column":37514},"end":{"line":164,"column":37520}},"79":{"start":{"line":164,"column":37537},"end":{"line":164,"column":37577}},"80":{"start":{"line":164,"column":37541},"end":{"line":164,"column":37566}},"81":{"start":{"line":164,"column":37579},"end":{"line":164,"column":37585}}},"fnMap":{"0":{"name":"spawnLocalSolana","decl":{"start":{"line":20,"column":22},"end":{"line":20,"column":38}},"loc":{"start":{"line":20,"column":38},"end":{"line":23,"column":1}}},"1":{"name":"initializePayer","decl":{"start":{"line":26,"column":16},"end":{"line":26,"column":31}},"loc":{"start":{"line":26,"column":31},"end":{"line":32,"column":1}}},"2":{"name":"deployProgram","decl":{"start":{"line":36,"column":16},"end":{"line":36,"column":29}},"loc":{"start":{"line":40,"column":19},"end":{"line":85,"column":1}}},"3":{"name":"airdropPayer","decl":{"start":{"line":88,"column":22},"end":{"line":88,"column":34}},"loc":{"start":{"line":88,"column":73},"end":{"line":104,"column":1}}},"4":{"name":"(anonymous_11)","decl":{"start":{"line":100,"column":24},"end":{"line":100,"column":25}},"loc":{"start":{"line":100,"column":37},"end":{"line":100,"column":62}}},"5":{"name":"(anonymous_12)","decl":{"start":{"line":106,"column":50},"end":{"line":106,"column":55}},"loc":{"start":{"line":112,"column":21},"end":{"line":122,"column":1}}},"6":{"name":"(anonymous_13)","decl":{"start":{"line":125,"column":2},"end":{"line":125,"column":21}},"loc":{"start":{"line":125,"column":57},"end":{"line":125,"column":61}}},"7":{"name":"(anonymous_14)","decl":{"start":{"line":127,"column":2},"end":{"line":127,"column":8}},"loc":{"start":{"line":130,"column":42},"end":{"line":142,"column":3}}},"8":{"name":"(anonymous_15)","decl":{"start":{"line":144,"column":2},"end":{"line":144,"column":7}},"loc":{"start":{"line":144,"column":51},"end":{"line":147,"column":3}}},"9":{"name":"(anonymous_16)","decl":{"start":{"line":149,"column":2},"end":{"line":149,"column":7}},"loc":{"start":{"line":149,"column":56},"end":{"line":151,"column":3}}},"10":{"name":"sleep","decl":{"start":{"line":154,"column":22},"end":{"line":154,"column":27}},"loc":{"start":{"line":154,"column":38},"end":{"line":157,"column":1}}},"11":{"name":"(anonymous_18)","decl":{"start":{"line":156,"column":27},"end":{"line":156,"column":28}},"loc":{"start":{"line":156,"column":40},"end":{"line":156,"column":63}}},"12":{"name":"oo_cm","decl":{"start":{"line":164,"column":30},"end":{"line":164,"column":35}},"loc":{"start":{"line":164,"column":35},"end":{"line":164,"column":37269}}},"13":{"name":"oo_oo","decl":{"start":{"line":164,"column":37279},"end":{"line":164,"column":37284}},"loc":{"start":{"line":164,"column":37304},"end":{"line":164,"column":37356}}},"14":{"name":"oo_tr","decl":{"start":{"line":164,"column":37372},"end":{"line":164,"column":37377}},"loc":{"start":{"line":164,"column":37397},"end":{"line":164,"column":37451}}},"15":{"name":"oo_ts","decl":{"start":{"line":164,"column":37467},"end":{"line":164,"column":37472}},"loc":{"start":{"line":164,"column":37472},"end":{"line":164,"column":37513}}},"16":{"name":"oo_te","decl":{"start":{"line":164,"column":37529},"end":{"line":164,"column":37534}},"loc":{"start":{"line":164,"column":37534},"end":{"line":164,"column":37578}}}},"branchMap":{"0":{"loc":{"start":{"line":52,"column":2},"end":{"line":54,"column":null}},"type":"if","locations":[{"start":{"line":52,"column":2},"end":{"line":54,"column":null}}]},"1":{"loc":{"start":{"line":55,"column":2},"end":{"line":59,"column":null}},"type":"if","locations":[{"start":{"line":55,"column":2},"end":{"line":59,"column":null}}]},"2":{"loc":{"start":{"line":60,"column":2},"end":{"line":67,"column":null}},"type":"if","locations":[{"start":{"line":60,"column":2},"end":{"line":67,"column":null}}]},"3":{"loc":{"start":{"line":115,"column":12},"end":{"line":115,"column":49}},"type":"cond-expr","locations":[{"start":{"line":115,"column":22},"end":{"line":115,"column":44}},{"start":{"line":115,"column":47},"end":{"line":115,"column":49}}]},"4":{"loc":{"start":{"line":130,"column":4},"end":{"line":130,"column":42}},"type":"default-arg","locations":[{"start":{"line":130,"column":38},"end":{"line":130,"column":42}}]},"5":{"loc":{"start":{"line":136,"column":6},"end":{"line":136,"column":39}},"type":"binary-expr","locations":[{"start":{"line":136,"column":6},"end":{"line":136,"column":19}},{"start":{"line":136,"column":23},"end":{"line":136,"column":39}}]},"6":{"loc":{"start":{"line":164,"column":49},"end":{"line":164,"column":37256}},"type":"binary-expr","locations":[{"start":{"line":164,"column":49},"end":{"line":164,"column":86}},{"start":{"line":164,"column":90},"end":{"line":164,"column":37256}}]}},"s":{"0":1,"1":1,"2":1,"3":1,"4":1,"5":1,"6":1,"7":1,"8":0,"9":0,"10":1,"11":0,"12":0,"13":0,"14":0,"15":0,"16":1,"17":0,"18":0,"19":0,"20":0,"21":0,"22":0,"23":0,"24":0,"25":0,"26":0,"27":0,"28":0,"29":0,"30":0,"31":0,"32":1,"33":0,"34":0,"35":0,"36":0,"37":0,"38":0,"39":0,"40":0,"41":0,"42":0,"43":1,"44":1,"45":4,"46":4,"47":4,"48":4,"49":4,"50":4,"51":4,"52":1,"53":0,"54":0,"55":0,"56":0,"57":0,"58":0,"59":0,"60":0,"61":1,"62":0,"63":0,"64":0,"65":1,"66":0,"67":0,"68":0,"69":0,"70":0,"71":1,"72":0,"73":0,"74":0,"75":1,"76":0,"77":0,"78":1,"79":0,"80":0,"81":1},"f":{"0":0,"1":0,"2":0,"3":0,"4":0,"5":4,"6":0,"7":0,"8":0,"9":0,"10":0,"11":0,"12":0,"13":0,"14":0,"15":0,"16":0},"b":{"0":[0],"1":[0],"2":[0],"3":[4,0],"4":[0],"5":[0,0],"6":[0,0]}}
}
