{"/Users/letehaha/User Files/Work/Bonfida/sns-reputation/js/src/bindings.ts": {"path":"/Users/letehaha/User Files/Work/Bonfida/sns-reputation/js/src/bindings.ts","statementMap":{"0":{"start":{"line":1,"column":0},"end":{"line":1,"column":79}},"1":{"start":{"line":2,"column":0},"end":{"line":2,"column":53}},"2":{"start":{"line":12,"column":13},"end":{"line":14,"column":2}},"3":{"start":{"line":36,"column":38},"end":{"line":54,"column":1}},"4":{"start":{"line":44,"column":2},"end":{"line":53,"column":4}},"5":{"start":{"line":36,"column":13},"end":{"line":36,"column":38}}},"fnMap":{"0":{"name":"(anonymous_0)","decl":{"start":{"line":36,"column":38},"end":{"line":36,"column":39}},"loc":{"start":{"line":43,"column":30},"end":{"line":54,"column":1}}}},"branchMap":{},"s":{"0":1,"1":1,"2":1,"3":1,"4":4,"5":1},"f":{"0":4},"b":{}}
,"/Users/letehaha/User Files/Work/Bonfida/sns-reputation/js/src/raw_instructions.ts": {"path":"/Users/letehaha/User Files/Work/Bonfida/sns-reputation/js/src/raw_instructions.ts","statementMap":{"0":{"start":{"line":3,"column":0},"end":{"line":3,"column":42}},"1":{"start":{"line":4,"column":0},"end":{"line":4,"column":68}},"2":{"start":{"line":19,"column":4},"end":{"line":19,"column":17}},"3":{"start":{"line":20,"column":4},"end":{"line":20,"column":31}},"4":{"start":{"line":21,"column":4},"end":{"line":21,"column":33}},"5":{"start":{"line":24,"column":4},"end":{"line":24,"column":51}},"6":{"start":{"line":33,"column":17},"end":{"line":33,"column":46}},"7":{"start":{"line":34,"column":29},"end":{"line":34,"column":31}},"8":{"start":{"line":35,"column":4},"end":{"line":39,"column":7}},"9":{"start":{"line":40,"column":4},"end":{"line":44,"column":7}},"10":{"start":{"line":45,"column":4},"end":{"line":49,"column":7}},"11":{"start":{"line":50,"column":4},"end":{"line":54,"column":7}},"12":{"start":{"line":55,"column":4},"end":{"line":59,"column":7}},"13":{"start":{"line":11,"column":0},"end":{"line":11,"column":13}},"14":{"start":{"line":16,"column":9},"end":{"line":16,"column":107}}},"fnMap":{"0":{"name":"(anonymous_0)","decl":{"start":{"line":18,"column":2},"end":{"line":18,"column":14}},"loc":{"start":{"line":18,"column":61},"end":{"line":22,"column":3}}},"1":{"name":"(anonymous_1)","decl":{"start":{"line":23,"column":2},"end":{"line":23,"column":11}},"loc":{"start":{"line":23,"column":11},"end":{"line":25,"column":3}}},"2":{"name":"(anonymous_2)","decl":{"start":{"line":26,"column":2},"end":{"line":26,"column":16}},"loc":{"start":{"line":31,"column":35},"end":{"line":60,"column":3}}}},"branchMap":{},"s":{"0":1,"1":1,"2":4,"3":4,"4":4,"5":4,"6":4,"7":4,"8":4,"9":4,"10":4,"11":4,"12":4,"13":1,"14":1},"f":{"0":4,"1":4,"2":4},"b":{}}
,"/Users/letehaha/User Files/Work/Bonfida/sns-reputation/js/src/secondary_bindings.ts": {"path":"/Users/letehaha/User Files/Work/Bonfida/sns-reputation/js/src/secondary_bindings.ts","statementMap":{"0":{"start":{"line":2,"column":0},"end":{"line":2,"column":54}},"1":{"start":{"line":3,"column":0},"end":{"line":3,"column":82}},"2":{"start":{"line":5,"column":37},"end":{"line":7,"column":1}},"3":{"start":{"line":6,"column":2},"end":{"line":6,"column":70}},"4":{"start":{"line":5,"column":13},"end":{"line":5,"column":37}},"5":{"start":{"line":18,"column":34},"end":{"line":36,"column":1}},"6":{"start":{"line":19,"column":16},"end":{"line":19,"column":50}},"7":{"start":{"line":21,"column":15},"end":{"line":21,"column":16}},"8":{"start":{"line":22,"column":17},"end":{"line":22,"column":18}},"9":{"start":{"line":24,"column":2},"end":{"line":33,"column":null}},"10":{"start":{"line":25,"column":19},"end":{"line":25,"column":71}},"11":{"start":{"line":27,"column":4},"end":{"line":27,"column":27}},"12":{"start":{"line":28,"column":4},"end":{"line":28,"column":31}},"13":{"start":{"line":30,"column":4},"end":{"line":32,"column":null}},"14":{"start":{"line":31,"column":6},"end":{"line":31,"column":null}},"15":{"start":{"line":35,"column":2},"end":{"line":35,"column":27}},"16":{"start":{"line":18,"column":13},"end":{"line":18,"column":34}},"17":{"start":{"line":38,"column":34},"end":{"line":40,"column":1}},"18":{"start":{"line":39,"column":2},"end":{"line":39,"column":68}},"19":{"start":{"line":38,"column":13},"end":{"line":38,"column":34}},"20":{"start":{"line":51,"column":27},"end":{"line":68,"column":1}},"21":{"start":{"line":55,"column":16},"end":{"line":55,"column":47}},"22":{"start":{"line":57,"column":2},"end":{"line":65,"column":null}},"23":{"start":{"line":58,"column":19},"end":{"line":58,"column":64}},"24":{"start":{"line":60,"column":4},"end":{"line":60,"column":33}},"25":{"start":{"line":62,"column":4},"end":{"line":64,"column":null}},"26":{"start":{"line":63,"column":6},"end":{"line":63,"column":null}},"27":{"start":{"line":67,"column":2},"end":{"line":67,"column":14}},"28":{"start":{"line":51,"column":13},"end":{"line":51,"column":27}},"29":{"start":{"line":70,"column":35},"end":{"line":97,"column":1}},"30":{"start":{"line":74,"column":2},"end":{"line":96,"column":null}},"31":{"start":{"line":75,"column":20},"end":{"line":86,"column":6}},"32":{"start":{"line":88,"column":19},"end":{"line":90,"column":6}},"33":{"start":{"line":92,"column":4},"end":{"line":92,"column":76}},"34":{"start":{"line":92,"column":30},"end":{"line":92,"column":74}},"35":{"start":{"line":94,"column":4},"end":{"line":94,"column":23}},"36":{"start":{"line":95,"column":4},"end":{"line":95,"column":14}},"37":{"start":{"line":70,"column":13},"end":{"line":70,"column":35}}},"fnMap":{"0":{"name":"(anonymous_0)","decl":{"start":{"line":5,"column":37},"end":{"line":5,"column":38}},"loc":{"start":{"line":5,"column":57},"end":{"line":7,"column":1}}},"1":{"name":"(anonymous_1)","decl":{"start":{"line":18,"column":34},"end":{"line":18,"column":39}},"loc":{"start":{"line":18,"column":102},"end":{"line":36,"column":1}}},"2":{"name":"(anonymous_2)","decl":{"start":{"line":38,"column":34},"end":{"line":38,"column":35}},"loc":{"start":{"line":38,"column":93},"end":{"line":40,"column":1}}},"3":{"name":"(anonymous_3)","decl":{"start":{"line":51,"column":27},"end":{"line":51,"column":32}},"loc":{"start":{"line":54,"column":29},"end":{"line":68,"column":1}}},"4":{"name":"(anonymous_4)","decl":{"start":{"line":70,"column":35},"end":{"line":70,"column":40}},"loc":{"start":{"line":73,"column":4},"end":{"line":97,"column":1}}},"5":{"name":"(anonymous_5)","decl":{"start":{"line":92,"column":22},"end":{"line":92,"column":26}},"loc":{"start":{"line":92,"column":30},"end":{"line":92,"column":74}}}},"branchMap":{"0":{"loc":{"start":{"line":30,"column":4},"end":{"line":32,"column":null}},"type":"if","locations":[{"start":{"line":30,"column":4},"end":{"line":32,"column":null}}]},"1":{"loc":{"start":{"line":62,"column":4},"end":{"line":64,"column":null}},"type":"if","locations":[{"start":{"line":62,"column":4},"end":{"line":64,"column":null}}]}},"s":{"0":1,"1":1,"2":1,"3":9,"4":1,"5":1,"6":5,"7":5,"8":5,"9":5,"10":5,"11":4,"12":4,"13":1,"14":0,"15":5,"16":1,"17":1,"18":5,"19":1,"20":1,"21":1,"22":1,"23":1,"24":1,"25":0,"26":0,"27":0,"28":1,"29":1,"30":1,"31":1,"32":1,"33":1,"34":2,"35":0,"36":0,"37":1},"f":{"0":9,"1":5,"2":5,"3":1,"4":1,"5":2},"b":{"0":[0],"1":[0]}}
,"/Users/letehaha/User Files/Work/Bonfida/sns-reputation/js/src/state.ts": {"path":"/Users/letehaha/User Files/Work/Bonfida/sns-reputation/js/src/state.ts","statementMap":{"0":{"start":{"line":1,"column":0},"end":{"line":1,"column":44}},"1":{"start":{"line":2,"column":0},"end":{"line":2,"column":56}},"2":{"start":{"line":4,"column":0},"end":{"line":4,"column":null}},"3":{"start":{"line":5,"column":2},"end":{"line":5,"column":null}},"4":{"start":{"line":6,"column":2},"end":{"line":6,"column":null}},"5":{"start":{"line":7,"column":2},"end":{"line":7,"column":null}},"6":{"start":{"line":26,"column":4},"end":{"line":26,"column":23}},"7":{"start":{"line":27,"column":4},"end":{"line":27,"column":27}},"8":{"start":{"line":28,"column":4},"end":{"line":28,"column":37}},"9":{"start":{"line":29,"column":4},"end":{"line":29,"column":41}},"10":{"start":{"line":33,"column":4},"end":{"line":33,"column":75}},"11":{"start":{"line":37,"column":24},"end":{"line":37,"column":60}},"12":{"start":{"line":38,"column":4},"end":{"line":40,"column":null}},"13":{"start":{"line":39,"column":6},"end":{"line":39,"column":49}},"14":{"start":{"line":41,"column":4},"end":{"line":41,"column":46}},"15":{"start":{"line":44,"column":4},"end":{"line":47,"column":6}},"16":{"start":{"line":10,"column":0},"end":{"line":10,"column":13}},"17":{"start":{"line":16,"column":9},"end":{"line":18,"column":4}},"18":{"start":{"line":79,"column":4},"end":{"line":79,"column":23}},"19":{"start":{"line":80,"column":4},"end":{"line":80,"column":27}},"20":{"start":{"line":81,"column":4},"end":{"line":81,"column":42}},"21":{"start":{"line":82,"column":4},"end":{"line":82,"column":42}},"22":{"start":{"line":86,"column":4},"end":{"line":86,"column":68}},"23":{"start":{"line":90,"column":24},"end":{"line":90,"column":60}},"24":{"start":{"line":91,"column":4},"end":{"line":93,"column":null}},"25":{"start":{"line":92,"column":6},"end":{"line":92,"column":49}},"26":{"start":{"line":94,"column":4},"end":{"line":94,"column":46}},"27":{"start":{"line":100,"column":4},"end":{"line":103,"column":6}},"28":{"start":{"line":58,"column":0},"end":{"line":58,"column":13}},"29":{"start":{"line":64,"column":9},"end":{"line":71,"column":4}}},"fnMap":{"0":{"name":"(anonymous_0)","decl":{"start":{"line":4,"column":0},"end":{"line":4,"column":12}},"loc":{"start":{"line":4,"column":15},"end":{"line":8,"column":1}}},"1":{"name":"(anonymous_1)","decl":{"start":{"line":20,"column":2},"end":{"line":20,"column":14}},"loc":{"start":{"line":25,"column":3},"end":{"line":30,"column":3}}},"2":{"name":"(anonymous_2)","decl":{"start":{"line":32,"column":2},"end":{"line":32,"column":8}},"loc":{"start":{"line":32,"column":33},"end":{"line":34,"column":3}}},"3":{"name":"(anonymous_3)","decl":{"start":{"line":36,"column":2},"end":{"line":36,"column":8}},"loc":{"start":{"line":36,"column":62},"end":{"line":42,"column":3}}},"4":{"name":"(anonymous_4)","decl":{"start":{"line":43,"column":2},"end":{"line":43,"column":8}},"loc":{"start":{"line":43,"column":67},"end":{"line":48,"column":3}}},"5":{"name":"(anonymous_5)","decl":{"start":{"line":73,"column":2},"end":{"line":73,"column":14}},"loc":{"start":{"line":78,"column":3},"end":{"line":83,"column":3}}},"6":{"name":"(anonymous_6)","decl":{"start":{"line":85,"column":2},"end":{"line":85,"column":8}},"loc":{"start":{"line":85,"column":33},"end":{"line":87,"column":3}}},"7":{"name":"(anonymous_7)","decl":{"start":{"line":89,"column":2},"end":{"line":89,"column":8}},"loc":{"start":{"line":89,"column":62},"end":{"line":95,"column":3}}},"8":{"name":"(anonymous_8)","decl":{"start":{"line":96,"column":2},"end":{"line":96,"column":8}},"loc":{"start":{"line":98,"column":60},"end":{"line":104,"column":3}}}},"branchMap":{"0":{"loc":{"start":{"line":4,"column":12},"end":{"line":4,"column":null}},"type":"binary-expr","locations":[{"start":{"line":4,"column":12},"end":{"line":4,"column":15}},{"start":{"line":4,"column":12},"end":{"line":4,"column":null}}]},"1":{"loc":{"start":{"line":38,"column":4},"end":{"line":40,"column":null}},"type":"if","locations":[{"start":{"line":38,"column":4},"end":{"line":40,"column":null}}]},"2":{"loc":{"start":{"line":38,"column":8},"end":{"line":38,"column":41}},"type":"binary-expr","locations":[{"start":{"line":38,"column":8},"end":{"line":38,"column":20}},{"start":{"line":38,"column":24},"end":{"line":38,"column":41}}]},"3":{"loc":{"start":{"line":91,"column":4},"end":{"line":93,"column":null}},"type":"if","locations":[{"start":{"line":91,"column":4},"end":{"line":93,"column":null}}]},"4":{"loc":{"start":{"line":91,"column":8},"end":{"line":91,"column":41}},"type":"binary-expr","locations":[{"start":{"line":91,"column":8},"end":{"line":91,"column":20}},{"start":{"line":91,"column":24},"end":{"line":91,"column":41}}]}},"s":{"0":1,"1":1,"2":1,"3":1,"4":1,"5":1,"6":4,"7":4,"8":4,"9":4,"10":4,"11":5,"12":5,"13":1,"14":4,"15":9,"16":1,"17":1,"18":3,"19":3,"20":3,"21":3,"22":3,"23":1,"24":1,"25":0,"26":1,"27":5,"28":1,"29":1},"f":{"0":1,"1":4,"2":4,"3":5,"4":9,"5":3,"6":3,"7":1,"8":5},"b":{"0":[1,1],"1":[1],"2":[5,4],"3":[0],"4":[1,1]}}
,"/Users/letehaha/User Files/Work/Bonfida/sns-reputation/js/tests/utils.ts": {"path":"/Users/letehaha/User Files/Work/Bonfida/sns-reputation/js/tests/utils.ts","statementMap":{"0":{"start":{"line":1,"column":0},"end":{"line":1,"column":null}},"1":{"start":{"line":9,"column":0},"end":{"line":9,"column":29}},"2":{"start":{"line":10,"column":0},"end":{"line":10,"column":56}},"3":{"start":{"line":11,"column":0},"end":{"line":11,"column":62}},"4":{"start":{"line":12,"column":0},"end":{"line":12,"column":22}},"5":{"start":{"line":13,"column":0},"end":{"line":13,"column":42}},"6":{"start":{"line":14,"column":0},"end":{"line":14,"column":59}},"7":{"start":{"line":16,"column":20},"end":{"line":16,"column":36}},"8":{"start":{"line":21,"column":17},"end":{"line":21,"column":30}},"9":{"start":{"line":22,"column":2},"end":{"line":22,"column":61}},"10":{"start":{"line":20,"column":0},"end":{"line":20,"column":7}},"11":{"start":{"line":27,"column":14},"end":{"line":27,"column":27}},"12":{"start":{"line":28,"column":17},"end":{"line":28,"column":31}},"13":{"start":{"line":29,"column":2},"end":{"line":29,"column":66}},"14":{"start":{"line":30,"column":2},"end":{"line":30,"column":23}},"15":{"start":{"line":31,"column":2},"end":{"line":31,"column":28}},"16":{"start":{"line":26,"column":0},"end":{"line":26,"column":16}},"17":{"start":{"line":42,"column":27},"end":{"line":42,"column":79}},"18":{"start":{"line":43,"column":18},"end":{"line":45,"column":null}},"19":{"start":{"line":47,"column":18},"end":{"line":49,"column":null}},"20":{"start":{"line":51,"column":19},"end":{"line":51,"column":36}},"21":{"start":{"line":52,"column":2},"end":{"line":54,"column":null}},"22":{"start":{"line":53,"column":4},"end":{"line":53,"column":47}},"23":{"start":{"line":55,"column":2},"end":{"line":59,"column":null}},"24":{"start":{"line":56,"column":4},"end":{"line":58,"column":7}},"25":{"start":{"line":60,"column":2},"end":{"line":67,"column":null}},"26":{"start":{"line":61,"column":4},"end":{"line":66,"column":6}},"27":{"start":{"line":69,"column":16},"end":{"line":69,"column":46}},"28":{"start":{"line":70,"column":18},"end":{"line":70,"column":75}},"29":{"start":{"line":71,"column":2},"end":{"line":82,"column":4}},"30":{"start":{"line":83,"column":2},"end":{"line":83,"column":69}},"31":{"start":{"line":84,"column":2},"end":{"line":84,"column":27}},"32":{"start":{"line":36,"column":0},"end":{"line":36,"column":16}},"33":{"start":{"line":89,"column":2},"end":{"line":103,"column":null}},"34":{"start":{"line":90,"column":4},"end":{"line":102,"column":null}},"35":{"start":{"line":91,"column":24},"end":{"line":93,"column":null}},"36":{"start":{"line":95,"column":26},"end":{"line":95,"column":96}},"37":{"start":{"line":96,"column":6},"end":{"line":96,"column":66}},"38":{"start":{"line":97,"column":6},"end":{"line":97,"column":13}},"39":{"start":{"line":99,"column":26},"end":{"line":99,"column":88}},"40":{"start":{"line":100,"column":6},"end":{"line":100,"column":64}},"41":{"start":{"line":100,"column":37},"end":{"line":100,"column":62}},"42":{"start":{"line":101,"column":6},"end":{"line":101,"column":15}},"43":{"start":{"line":88,"column":0},"end":{"line":88,"column":7}},"44":{"start":{"line":106,"column":50},"end":{"line":122,"column":1}},"45":{"start":{"line":113,"column":13},"end":{"line":113,"column":30}},"46":{"start":{"line":114,"column":2},"end":{"line":114,"column":35}},"47":{"start":{"line":115,"column":2},"end":{"line":115,"column":50}},"48":{"start":{"line":116,"column":2},"end":{"line":116,"column":28}},"49":{"start":{"line":117,"column":20},"end":{"line":119,"column":4}},"50":{"start":{"line":120,"column":2},"end":{"line":120,"column":62}},"51":{"start":{"line":121,"column":2},"end":{"line":121,"column":19}},"52":{"start":{"line":106,"column":13},"end":{"line":106,"column":50}},"53":{"start":{"line":125,"column":21},"end":{"line":125,"column":33}},"54":{"start":{"line":125,"column":42},"end":{"line":125,"column":57}},"55":{"start":{"line":132,"column":17},"end":{"line":132,"column":30}},"56":{"start":{"line":133,"column":16},"end":{"line":139,"column":null}},"57":{"start":{"line":141,"column":4},"end":{"line":141,"column":40}},"58":{"start":{"line":145,"column":14},"end":{"line":145,"column":71}},"59":{"start":{"line":146,"column":4},"end":{"line":146,"column":23}},"60":{"start":{"line":150,"column":4},"end":{"line":150,"column":68}},"61":{"start":{"line":124,"column":0},"end":{"line":124,"column":13}},"62":{"start":{"line":155,"column":22},"end":{"line":155,"column":86}},"63":{"start":{"line":156,"column":2},"end":{"line":156,"column":65}},"64":{"start":{"line":156,"column":40},"end":{"line":156,"column":63}},"65":{"start":{"line":154,"column":0},"end":{"line":154,"column":7}},"66":{"start":{"line":164,"column":38},"end":{"line":164,"column":37195}},"67":{"start":{"line":164,"column":42},"end":{"line":164,"column":37184}},"68":{"start":{"line":164,"column":37233},"end":{"line":164,"column":37273}},"69":{"start":{"line":164,"column":37237},"end":{"line":164,"column":37262}},"70":{"start":{"line":164,"column":37274},"end":{"line":164,"column":37283}},"71":{"start":{"line":164,"column":37284},"end":{"line":164,"column":37290}},"72":{"start":{"line":164,"column":37326},"end":{"line":164,"column":37368}},"73":{"start":{"line":164,"column":37330},"end":{"line":164,"column":37357}},"74":{"start":{"line":164,"column":37369},"end":{"line":164,"column":37378}},"75":{"start":{"line":164,"column":37379},"end":{"line":164,"column":37385}},"76":{"start":{"line":164,"column":37402},"end":{"line":164,"column":37439}},"77":{"start":{"line":164,"column":37406},"end":{"line":164,"column":37428}},"78":{"start":{"line":164,"column":37441},"end":{"line":164,"column":37447}},"79":{"start":{"line":164,"column":37464},"end":{"line":164,"column":37504}},"80":{"start":{"line":164,"column":37468},"end":{"line":164,"column":37493}},"81":{"start":{"line":164,"column":37506},"end":{"line":164,"column":37512}}},"fnMap":{"0":{"name":"spawnLocalSolana","decl":{"start":{"line":20,"column":22},"end":{"line":20,"column":38}},"loc":{"start":{"line":20,"column":38},"end":{"line":23,"column":1}}},"1":{"name":"initializePayer","decl":{"start":{"line":26,"column":16},"end":{"line":26,"column":31}},"loc":{"start":{"line":26,"column":31},"end":{"line":32,"column":1}}},"2":{"name":"deployProgram","decl":{"start":{"line":36,"column":16},"end":{"line":36,"column":29}},"loc":{"start":{"line":40,"column":19},"end":{"line":85,"column":1}}},"3":{"name":"airdropPayer","decl":{"start":{"line":88,"column":22},"end":{"line":88,"column":34}},"loc":{"start":{"line":88,"column":73},"end":{"line":104,"column":1}}},"4":{"name":"(anonymous_11)","decl":{"start":{"line":100,"column":24},"end":{"line":100,"column":25}},"loc":{"start":{"line":100,"column":37},"end":{"line":100,"column":62}}},"5":{"name":"(anonymous_12)","decl":{"start":{"line":106,"column":50},"end":{"line":106,"column":55}},"loc":{"start":{"line":112,"column":21},"end":{"line":122,"column":1}}},"6":{"name":"(anonymous_13)","decl":{"start":{"line":125,"column":2},"end":{"line":125,"column":21}},"loc":{"start":{"line":125,"column":57},"end":{"line":125,"column":61}}},"7":{"name":"(anonymous_14)","decl":{"start":{"line":127,"column":2},"end":{"line":127,"column":8}},"loc":{"start":{"line":130,"column":42},"end":{"line":142,"column":3}}},"8":{"name":"(anonymous_15)","decl":{"start":{"line":144,"column":2},"end":{"line":144,"column":7}},"loc":{"start":{"line":144,"column":51},"end":{"line":147,"column":3}}},"9":{"name":"(anonymous_16)","decl":{"start":{"line":149,"column":2},"end":{"line":149,"column":7}},"loc":{"start":{"line":149,"column":56},"end":{"line":151,"column":3}}},"10":{"name":"sleep","decl":{"start":{"line":154,"column":22},"end":{"line":154,"column":27}},"loc":{"start":{"line":154,"column":38},"end":{"line":157,"column":1}}},"11":{"name":"(anonymous_18)","decl":{"start":{"line":156,"column":27},"end":{"line":156,"column":28}},"loc":{"start":{"line":156,"column":40},"end":{"line":156,"column":63}}},"12":{"name":"oo_cm","decl":{"start":{"line":164,"column":30},"end":{"line":164,"column":35}},"loc":{"start":{"line":164,"column":35},"end":{"line":164,"column":37196}}},"13":{"name":"oo_oo","decl":{"start":{"line":164,"column":37206},"end":{"line":164,"column":37211}},"loc":{"start":{"line":164,"column":37231},"end":{"line":164,"column":37283}}},"14":{"name":"oo_tr","decl":{"start":{"line":164,"column":37299},"end":{"line":164,"column":37304}},"loc":{"start":{"line":164,"column":37324},"end":{"line":164,"column":37378}}},"15":{"name":"oo_ts","decl":{"start":{"line":164,"column":37394},"end":{"line":164,"column":37399}},"loc":{"start":{"line":164,"column":37399},"end":{"line":164,"column":37440}}},"16":{"name":"oo_te","decl":{"start":{"line":164,"column":37456},"end":{"line":164,"column":37461}},"loc":{"start":{"line":164,"column":37461},"end":{"line":164,"column":37505}}}},"branchMap":{"0":{"loc":{"start":{"line":52,"column":2},"end":{"line":54,"column":null}},"type":"if","locations":[{"start":{"line":52,"column":2},"end":{"line":54,"column":null}}]},"1":{"loc":{"start":{"line":55,"column":2},"end":{"line":59,"column":null}},"type":"if","locations":[{"start":{"line":55,"column":2},"end":{"line":59,"column":null}}]},"2":{"loc":{"start":{"line":60,"column":2},"end":{"line":67,"column":null}},"type":"if","locations":[{"start":{"line":60,"column":2},"end":{"line":67,"column":null}}]},"3":{"loc":{"start":{"line":115,"column":12},"end":{"line":115,"column":49}},"type":"cond-expr","locations":[{"start":{"line":115,"column":22},"end":{"line":115,"column":44}},{"start":{"line":115,"column":47},"end":{"line":115,"column":49}}]},"4":{"loc":{"start":{"line":130,"column":4},"end":{"line":130,"column":42}},"type":"default-arg","locations":[{"start":{"line":130,"column":38},"end":{"line":130,"column":42}}]},"5":{"loc":{"start":{"line":136,"column":6},"end":{"line":136,"column":39}},"type":"binary-expr","locations":[{"start":{"line":136,"column":6},"end":{"line":136,"column":19}},{"start":{"line":136,"column":23},"end":{"line":136,"column":39}}]},"6":{"loc":{"start":{"line":164,"column":49},"end":{"line":164,"column":37183}},"type":"binary-expr","locations":[{"start":{"line":164,"column":49},"end":{"line":164,"column":86}},{"start":{"line":164,"column":90},"end":{"line":164,"column":37183}}]}},"s":{"0":1,"1":1,"2":1,"3":1,"4":1,"5":1,"6":1,"7":1,"8":0,"9":0,"10":1,"11":0,"12":0,"13":0,"14":0,"15":0,"16":1,"17":0,"18":0,"19":0,"20":0,"21":0,"22":0,"23":0,"24":0,"25":0,"26":0,"27":0,"28":0,"29":0,"30":0,"31":0,"32":1,"33":0,"34":0,"35":0,"36":0,"37":0,"38":0,"39":0,"40":0,"41":0,"42":0,"43":1,"44":1,"45":4,"46":4,"47":4,"48":4,"49":4,"50":4,"51":4,"52":1,"53":0,"54":0,"55":0,"56":0,"57":0,"58":0,"59":0,"60":0,"61":1,"62":0,"63":0,"64":0,"65":1,"66":0,"67":0,"68":0,"69":0,"70":0,"71":1,"72":0,"73":0,"74":0,"75":1,"76":0,"77":0,"78":1,"79":0,"80":0,"81":1},"f":{"0":0,"1":0,"2":0,"3":0,"4":0,"5":4,"6":0,"7":0,"8":0,"9":0,"10":0,"11":0,"12":0,"13":0,"14":0,"15":0,"16":0},"b":{"0":[0],"1":[0],"2":[0],"3":[4,0],"4":[0],"5":[0,0],"6":[0,0]}}
}
