TN:
SF:src/bindings.ts
FN:36,(anonymous_0)
FNF:1
FNH:1
FNDA:4,(anonymous_0)
DA:1,1
DA:2,1
DA:12,1
DA:36,1
DA:44,4
LF:5
LH:5
BRF:0
BRH:0
end_of_record
TN:
SF:src/raw_instructions.ts
FN:18,(anonymous_0)
FN:23,(anonymous_1)
FN:26,(anonymous_2)
FNF:3
FNH:3
FNDA:4,(anonymous_0)
FNDA:4,(anonymous_1)
FNDA:4,(anonymous_2)
DA:3,1
DA:4,1
DA:11,1
DA:16,1
DA:19,4
DA:20,4
DA:21,4
DA:24,4
DA:33,4
DA:34,4
DA:35,4
DA:40,4
DA:45,4
DA:50,4
DA:55,4
LF:15
LH:15
BRF:0
BRH:0
end_of_record
TN:
SF:src/secondary_bindings.ts
FN:12,(anonymous_0)
FN:32,(anonymous_1)
FN:36,(anonymous_2)
FNF:3
FNH:3
FNDA:5,(anonymous_0)
FNDA:4,(anonymous_1)
FNDA:4,(anonymous_2)
DA:2,1
DA:3,1
DA:12,1
DA:13,5
DA:15,5
DA:16,5
DA:18,5
DA:19,5
DA:21,4
DA:22,4
DA:24,1
DA:25,0
DA:29,5
DA:32,1
DA:33,4
DA:36,1
DA:37,4
LF:17
LH:16
BRDA:24,0,0,0
BRF:1
BRH:0
end_of_record
TN:
SF:src/state.ts
FN:4,(anonymous_0)
FN:21,(anonymous_1)
FN:28,(anonymous_2)
FN:32,(anonymous_3)
FN:39,(anonymous_4)
FN:45,(anonymous_5)
FN:50,(anonymous_6)
FNF:7
FNH:7
FNDA:1,(anonymous_0)
FNDA:4,(anonymous_1)
FNDA:4,(anonymous_2)
FNDA:5,(anonymous_3)
FNDA:9,(anonymous_4)
FNDA:4,(anonymous_5)
FNDA:8,(anonymous_6)
DA:1,1
DA:2,1
DA:4,1
DA:5,1
DA:6,1
DA:7,1
DA:10,1
DA:11,1
DA:17,1
DA:22,4
DA:23,4
DA:24,4
DA:25,4
DA:29,4
DA:33,5
DA:34,5
DA:35,1
DA:37,4
DA:40,9
DA:49,4
DA:50,8
LF:21
LH:21
BRDA:4,0,0,1
BRDA:4,0,1,1
BRDA:34,1,0,1
BRDA:34,2,0,5
BRDA:34,2,1,4
BRF:5
BRH:5
end_of_record
TN:
SF:tests/utils.ts
FN:20,spawnLocalSolana
FN:26,initializePayer
FN:36,deployProgram
FN:88,airdropPayer
FN:100,(anonymous_11)
FN:106,(anonymous_12)
FN:125,(anonymous_13)
FN:127,(anonymous_14)
FN:144,(anonymous_15)
FN:149,(anonymous_16)
FN:154,sleep
FN:156,(anonymous_18)
FN:164,oo_cm
FN:164,oo_oo
FN:164,oo_tr
FN:164,oo_ts
FN:164,oo_te
FNF:17
FNH:1
FNDA:0,spawnLocalSolana
FNDA:0,initializePayer
FNDA:0,deployProgram
FNDA:0,airdropPayer
FNDA:0,(anonymous_11)
FNDA:4,(anonymous_12)
FNDA:0,(anonymous_13)
FNDA:0,(anonymous_14)
FNDA:0,(anonymous_15)
FNDA:0,(anonymous_16)
FNDA:0,sleep
FNDA:0,(anonymous_18)
FNDA:0,oo_cm
FNDA:0,oo_oo
FNDA:0,oo_tr
FNDA:0,oo_ts
FNDA:0,oo_te
DA:1,1
DA:9,1
DA:10,1
DA:11,1
DA:12,1
DA:13,1
DA:14,1
DA:16,1
DA:20,1
DA:21,0
DA:22,0
DA:26,1
DA:27,0
DA:28,0
DA:29,0
DA:30,0
DA:31,0
DA:36,1
DA:42,0
DA:43,0
DA:47,0
DA:51,0
DA:52,0
DA:53,0
DA:55,0
DA:56,0
DA:60,0
DA:61,0
DA:69,0
DA:70,0
DA:71,0
DA:83,0
DA:84,0
DA:88,1
DA:89,0
DA:90,0
DA:91,0
DA:95,0
DA:96,0
DA:97,0
DA:99,0
DA:100,0
DA:101,0
DA:106,1
DA:113,4
DA:114,4
DA:115,4
DA:116,4
DA:117,4
DA:120,4
DA:121,4
DA:124,1
DA:125,0
DA:132,0
DA:133,0
DA:141,0
DA:145,0
DA:146,0
DA:150,0
DA:154,1
DA:155,0
DA:156,0
DA:164,1
LF:63
LH:23
BRDA:52,0,0,0
BRDA:55,1,0,0
BRDA:60,2,0,0
BRDA:115,3,0,4
BRDA:115,3,1,0
BRDA:130,4,0,0
BRDA:136,5,0,0
BRDA:136,5,1,0
BRDA:164,6,0,0
BRDA:164,6,1,0
BRF:10
BRH:1
end_of_record
