TN:
SF:src/bindings.ts
FN:36,(anonymous_0)
FNF:1
FNH:1
FNDA:5,(anonymous_0)
DA:1,1
DA:2,1
DA:12,1
DA:36,1
DA:44,5
LF:5
LH:5
BRF:0
BRH:0
end_of_record
TN:
SF:src/raw_instructions.ts
FN:18,(anonymous_0)
FN:23,(anonymous_1)
FN:26,(anonymous_2)
FNF:3
FNH:3
FNDA:5,(anonymous_0)
FNDA:5,(anonymous_1)
FNDA:5,(anonymous_2)
DA:3,1
DA:4,1
DA:11,1
DA:16,1
DA:19,5
DA:20,5
DA:21,5
DA:24,5
DA:33,5
DA:34,5
DA:35,5
DA:40,5
DA:45,5
DA:50,5
DA:55,5
LF:15
LH:15
BRF:0
BRH:0
end_of_record
TN:
SF:src/secondary_bindings.ts
FN:5,(anonymous_0)
FN:18,(anonymous_1)
FN:38,(anonymous_2)
FN:51,(anonymous_3)
FN:79,(anonymous_4)
FN:101,(anonymous_5)
FN:108,(anonymous_6)
FN:131,(anonymous_7)
FNF:8
FNH:8
FNDA:11,(anonymous_0)
FNDA:6,(anonymous_1)
FNDA:6,(anonymous_2)
FNDA:1,(anonymous_3)
FNDA:1,(anonymous_4)
FNDA:2,(anonymous_5)
FNDA:2,(anonymous_6)
FNDA:3,(anonymous_7)
DA:2,1
DA:3,1
DA:5,1
DA:6,11
DA:18,1
DA:19,6
DA:21,6
DA:22,6
DA:24,6
DA:25,6
DA:27,5
DA:28,5
DA:30,1
DA:31,0
DA:35,6
DA:38,1
DA:39,6
DA:51,1
DA:55,1
DA:57,1
DA:58,1
DA:60,1
DA:62,0
DA:63,0
DA:67,0
DA:79,1
DA:83,1
DA:84,1
DA:97,1
DA:101,2
DA:103,0
DA:104,0
DA:108,1
DA:112,2
DA:113,2
DA:127,2
DA:131,3
DA:133,0
DA:134,0
LF:39
LH:31
BRDA:30,0,0,0
BRDA:62,1,0,0
BRF:2
BRH:0
end_of_record
TN:
SF:src/state.ts
FN:4,(anonymous_0)
FN:20,(anonymous_1)
FN:32,(anonymous_2)
FN:36,(anonymous_3)
FN:43,(anonymous_4)
FN:73,(anonymous_5)
FN:85,(anonymous_6)
FN:89,(anonymous_7)
FN:96,(anonymous_8)
FNF:9
FNH:9
FNDA:1,(anonymous_0)
FNDA:5,(anonymous_1)
FNDA:5,(anonymous_2)
FNDA:6,(anonymous_3)
FNDA:11,(anonymous_4)
FNDA:6,(anonymous_5)
FNDA:6,(anonymous_6)
FNDA:1,(anonymous_7)
FNDA:6,(anonymous_8)
DA:1,1
DA:2,1
DA:4,1
DA:5,1
DA:6,1
DA:7,1
DA:10,1
DA:16,1
DA:26,5
DA:27,5
DA:28,5
DA:29,5
DA:33,5
DA:37,6
DA:38,6
DA:39,1
DA:41,5
DA:44,11
DA:58,1
DA:64,1
DA:79,6
DA:80,6
DA:81,6
DA:82,6
DA:86,6
DA:90,1
DA:91,1
DA:92,0
DA:94,1
DA:100,6
LF:30
LH:29
BRDA:4,0,0,1
BRDA:4,0,1,1
BRDA:38,1,0,1
BRDA:38,2,0,6
BRDA:38,2,1,5
BRDA:91,3,0,0
BRDA:91,4,0,1
BRDA:91,4,1,1
BRF:8
BRH:7
end_of_record
TN:
SF:tests/utils.ts
FN:20,spawnLocalSolana
FN:26,initializePayer
FN:36,deployProgram
FN:88,airdropPayer
FN:100,(anonymous_11)
FN:106,(anonymous_12)
FN:125,(anonymous_13)
FN:127,(anonymous_14)
FN:144,(anonymous_15)
FN:149,(anonymous_16)
FN:154,sleep
FN:156,(anonymous_18)
FN:164,oo_cm
FN:164,oo_oo
FN:164,oo_tr
FN:164,oo_ts
FN:164,oo_te
FNF:17
FNH:1
FNDA:0,spawnLocalSolana
FNDA:0,initializePayer
FNDA:0,deployProgram
FNDA:0,airdropPayer
FNDA:0,(anonymous_11)
FNDA:5,(anonymous_12)
FNDA:0,(anonymous_13)
FNDA:0,(anonymous_14)
FNDA:0,(anonymous_15)
FNDA:0,(anonymous_16)
FNDA:0,sleep
FNDA:0,(anonymous_18)
FNDA:0,oo_cm
FNDA:0,oo_oo
FNDA:0,oo_tr
FNDA:0,oo_ts
FNDA:0,oo_te
DA:1,1
DA:9,1
DA:10,1
DA:11,1
DA:12,1
DA:13,1
DA:14,1
DA:16,1
DA:20,1
DA:21,0
DA:22,0
DA:26,1
DA:27,0
DA:28,0
DA:29,0
DA:30,0
DA:31,0
DA:36,1
DA:42,0
DA:43,0
DA:47,0
DA:51,0
DA:52,0
DA:53,0
DA:55,0
DA:56,0
DA:60,0
DA:61,0
DA:69,0
DA:70,0
DA:71,0
DA:83,0
DA:84,0
DA:88,1
DA:89,0
DA:90,0
DA:91,0
DA:95,0
DA:96,0
DA:97,0
DA:99,0
DA:100,0
DA:101,0
DA:106,1
DA:113,5
DA:114,5
DA:115,5
DA:116,5
DA:117,5
DA:120,5
DA:121,5
DA:124,1
DA:125,0
DA:132,0
DA:133,0
DA:141,0
DA:145,0
DA:146,0
DA:150,0
DA:154,1
DA:155,0
DA:156,0
DA:164,1
LF:63
LH:23
BRDA:52,0,0,0
BRDA:55,1,0,0
BRDA:60,2,0,0
BRDA:115,3,0,5
BRDA:115,3,1,0
BRDA:130,4,0,0
BRDA:136,5,0,0
BRDA:136,5,1,0
BRDA:164,6,0,0
BRDA:164,6,1,0
BRF:10
BRH:1
end_of_record
